2025-05-15 23:51:39,639 INFO o.a.j.u.JMeterUtils: Setting Locale to en_EN
2025-05-15 23:51:39,650 INFO o.a.j.JMeter: Loading user properties from: /Users/tudorsabau/jmeter/apache-jmeter-5.6.3/bin/user.properties
2025-05-15 23:51:39,650 INFO o.a.j.JMeter: Loading system properties from: /Users/tudorsabau/jmeter/apache-jmeter-5.6.3/bin/system.properties
2025-05-15 23:51:39,651 INFO o.a.j.JMeter: Setting JMeter property: threads=50
2025-05-15 23:51:39,651 INFO o.a.j.JMeter: Setting JMeter property: rampup=10
2025-05-15 23:51:39,651 INFO o.a.j.JMeter: Setting JMeter property: duration=60
2025-05-15 23:51:39,653 INFO o.a.j.JMeter: Copyright (c) 1998-2024 The Apache Software Foundation
2025-05-15 23:51:39,653 INFO o.a.j.JMeter: Version 5.6.3
2025-05-15 23:51:39,653 INFO o.a.j.JMeter: java.version=23.0.1
2025-05-15 23:51:39,653 INFO o.a.j.JMeter: java.vm.name=OpenJDK 64-Bit Server VM
2025-05-15 23:51:39,653 INFO o.a.j.JMeter: os.name=Mac OS X
2025-05-15 23:51:39,654 INFO o.a.j.JMeter: os.arch=aarch64
2025-05-15 23:51:39,654 INFO o.a.j.JMeter: os.version=15.4
2025-05-15 23:51:39,654 INFO o.a.j.JMeter: file.encoding=UTF-8
2025-05-15 23:51:39,654 INFO o.a.j.JMeter: java.awt.headless=true
2025-05-15 23:51:39,654 INFO o.a.j.JMeter: Max memory     =1073741824
2025-05-15 23:51:39,654 INFO o.a.j.JMeter: Available Processors =8
2025-05-15 23:51:39,660 INFO o.a.j.JMeter: Default Locale=English (EN)
2025-05-15 23:51:39,660 INFO o.a.j.JMeter: JMeter  Locale=English (EN)
2025-05-15 23:51:39,660 INFO o.a.j.JMeter: JMeterHome=/Users/tudorsabau/jmeter/apache-jmeter-5.6.3
2025-05-15 23:51:39,660 INFO o.a.j.JMeter: user.dir  =/Users/tudorsabau/WebstormProjects/compstore
2025-05-15 23:51:39,660 INFO o.a.j.JMeter: PWD       =/Users/tudorsabau/WebstormProjects/compstore
2025-05-15 23:51:39,662 INFO o.a.j.JMeter: IP: 127.0.0.1 Name: Tudors-Laptop.local FullName: localhost
2025-05-15 23:51:39,669 INFO o.a.j.s.FileServer: Default base='/Users/tudorsabau/WebstormProjects/compstore'
2025-05-15 23:51:39,669 INFO o.a.j.s.FileServer: Set new base='/Users/tudorsabau/WebstormProjects/compstore/performance_tests'
2025-05-15 23:51:39,798 INFO o.a.j.s.SaveService: Testplan (JMX) version: 2.2. Testlog (JTL) version: 2.2
2025-05-15 23:51:39,818 INFO o.a.j.s.SaveService: Using SaveService properties version 5.0
2025-05-15 23:51:39,819 INFO o.a.j.s.SaveService: Using SaveService properties file encoding UTF-8
2025-05-15 23:51:39,821 INFO o.a.j.s.SaveService: Loading file: /Users/tudorsabau/WebstormProjects/compstore/performance_tests/statistics_load_test.jmx
2025-05-15 23:51:39,854 INFO o.a.j.p.h.s.HTTPSamplerBase: Parser for text/html is org.apache.jmeter.protocol.http.parser.LagartoBasedHtmlParser
2025-05-15 23:51:39,854 INFO o.a.j.p.h.s.HTTPSamplerBase: Parser for application/xhtml+xml is org.apache.jmeter.protocol.http.parser.LagartoBasedHtmlParser
2025-05-15 23:51:39,854 INFO o.a.j.p.h.s.HTTPSamplerBase: Parser for application/xml is org.apache.jmeter.protocol.http.parser.LagartoBasedHtmlParser
2025-05-15 23:51:39,854 INFO o.a.j.p.h.s.HTTPSamplerBase: Parser for text/xml is org.apache.jmeter.protocol.http.parser.LagartoBasedHtmlParser
2025-05-15 23:51:39,854 INFO o.a.j.p.h.s.HTTPSamplerBase: Parser for text/vnd.wap.wml is org.apache.jmeter.protocol.http.parser.RegexpHTMLParser
2025-05-15 23:51:39,854 INFO o.a.j.p.h.s.HTTPSamplerBase: Parser for text/css is org.apache.jmeter.protocol.http.parser.CssParser
2025-05-15 23:51:39,869 INFO o.a.j.JMeter: Creating summariser <summary>
2025-05-15 23:51:39,876 INFO o.a.j.e.StandardJMeterEngine: Running the test!
2025-05-15 23:51:39,877 INFO o.a.j.s.SampleEvent: List of sample_variables: []
2025-05-15 23:51:39,877 INFO o.a.j.s.SampleEvent: List of sample_variables: []
2025-05-15 23:51:39,880 INFO o.a.j.e.u.CompoundVariable: Note: Function class names must contain the string: '.functions.'
2025-05-15 23:51:39,880 INFO o.a.j.e.u.CompoundVariable: Note: Function class names must not contain the string: '.gui.'
2025-05-15 23:51:39,917 INFO o.a.j.JMeter: Running test (1747342299917)
2025-05-15 23:51:39,928 INFO o.a.j.e.StandardJMeterEngine: Starting ThreadGroup: 1 : Low Load Test
2025-05-15 23:51:39,929 INFO o.a.j.e.StandardJMeterEngine: Starting 10 threads for group Low Load Test.
2025-05-15 23:51:39,929 INFO o.a.j.e.StandardJMeterEngine: Thread will continue on error
2025-05-15 23:51:39,929 INFO o.a.j.t.ThreadGroup: Starting thread group... number=1 threads=10 ramp-up=5 delayedStart=false
2025-05-15 23:51:39,931 INFO o.a.j.t.JMeterThread: Thread started: Low Load Test 1-1
2025-05-15 23:51:39,933 INFO o.a.j.t.ThreadGroup: Started thread group number 1
2025-05-15 23:51:39,933 INFO o.a.j.e.StandardJMeterEngine: Starting ThreadGroup: 2 : High Load Test
2025-05-15 23:51:39,933 INFO o.a.j.e.StandardJMeterEngine: Starting 100 threads for group High Load Test.
2025-05-15 23:51:39,933 INFO o.a.j.e.StandardJMeterEngine: Thread will continue on error
2025-05-15 23:51:39,933 INFO o.a.j.t.ThreadGroup: Starting thread group... number=2 threads=100 ramp-up=10 delayedStart=false
2025-05-15 23:51:39,934 INFO o.a.j.t.JMeterThread: Thread started: High Load Test 2-1
2025-05-15 23:51:39,943 INFO o.a.j.p.h.s.HTTPHCAbstractImpl: Local host = Tudors-Laptop.local
2025-05-15 23:51:39,948 INFO o.a.j.p.h.s.HTTPHC4Impl: HTTP request retry count = 0
2025-05-15 23:51:39,949 INFO o.a.j.s.SampleResult: Note: Sample TimeStamps are START times
2025-05-15 23:51:39,949 INFO o.a.j.s.SampleResult: sampleresult.default.encoding is set to UTF-8
2025-05-15 23:51:39,949 INFO o.a.j.s.SampleResult: sampleresult.useNanoTime=true
2025-05-15 23:51:39,949 INFO o.a.j.s.SampleResult: sampleresult.nanoThreadSleep=5000
2025-05-15 23:51:39,951 INFO o.a.j.t.ThreadGroup: Started thread group number 2
2025-05-15 23:51:39,951 INFO o.a.j.e.StandardJMeterEngine: All thread groups have been started
2025-05-15 23:51:39,998 INFO o.a.j.t.JMeterThread: Thread is done: High Load Test 2-1
2025-05-15 23:51:39,998 INFO o.a.j.t.JMeterThread: Thread finished: High Load Test 2-1
2025-05-15 23:51:40,003 INFO o.a.j.t.JMeterThread: Thread is done: Low Load Test 1-1
2025-05-15 23:51:40,003 INFO o.a.j.t.JMeterThread: Thread finished: Low Load Test 1-1
2025-05-15 23:51:40,035 INFO o.a.j.t.JMeterThread: Thread started: High Load Test 2-2
2025-05-15 23:51:40,040 INFO o.a.j.t.JMeterThread: Thread is done: High Load Test 2-2
2025-05-15 23:51:40,040 INFO o.a.j.t.JMeterThread: Thread finished: High Load Test 2-2
2025-05-15 23:51:40,138 INFO o.a.j.t.JMeterThread: Thread started: High Load Test 2-3
2025-05-15 23:51:40,141 INFO o.a.j.t.JMeterThread: Thread is done: High Load Test 2-3
2025-05-15 23:51:40,141 INFO o.a.j.t.JMeterThread: Thread finished: High Load Test 2-3
2025-05-15 23:51:40,238 INFO o.a.j.t.JMeterThread: Thread started: High Load Test 2-4
2025-05-15 23:51:40,242 INFO o.a.j.t.JMeterThread: Thread is done: High Load Test 2-4
2025-05-15 23:51:40,242 INFO o.a.j.t.JMeterThread: Thread finished: High Load Test 2-4
2025-05-15 23:51:40,339 INFO o.a.j.t.JMeterThread: Thread started: High Load Test 2-5
2025-05-15 23:51:40,344 INFO o.a.j.t.JMeterThread: Thread is done: High Load Test 2-5
2025-05-15 23:51:40,344 INFO o.a.j.t.JMeterThread: Thread finished: High Load Test 2-5
2025-05-15 23:51:40,435 INFO o.a.j.t.JMeterThread: Thread started: Low Load Test 1-2
2025-05-15 23:51:40,439 INFO o.a.j.t.JMeterThread: Thread started: High Load Test 2-6
2025-05-15 23:51:40,447 INFO o.a.j.t.JMeterThread: Thread is done: High Load Test 2-6
2025-05-15 23:51:40,447 INFO o.a.j.t.JMeterThread: Thread finished: High Load Test 2-6
2025-05-15 23:51:40,451 INFO o.a.j.t.JMeterThread: Thread is done: Low Load Test 1-2
2025-05-15 23:51:40,451 INFO o.a.j.t.JMeterThread: Thread finished: Low Load Test 1-2
2025-05-15 23:51:40,539 INFO o.a.j.t.JMeterThread: Thread started: High Load Test 2-7
2025-05-15 23:51:40,548 INFO o.a.j.t.JMeterThread: Thread is done: High Load Test 2-7
2025-05-15 23:51:40,549 INFO o.a.j.t.JMeterThread: Thread finished: High Load Test 2-7
2025-05-15 23:51:40,638 INFO o.a.j.t.JMeterThread: Thread started: High Load Test 2-8
2025-05-15 23:51:40,648 INFO o.a.j.t.JMeterThread: Thread is done: High Load Test 2-8
2025-05-15 23:51:40,648 INFO o.a.j.t.JMeterThread: Thread finished: High Load Test 2-8
2025-05-15 23:51:40,735 INFO o.a.j.t.JMeterThread: Thread started: High Load Test 2-9
2025-05-15 23:51:40,744 INFO o.a.j.t.JMeterThread: Thread is done: High Load Test 2-9
2025-05-15 23:51:40,744 INFO o.a.j.t.JMeterThread: Thread finished: High Load Test 2-9
2025-05-15 23:51:40,839 INFO o.a.j.t.JMeterThread: Thread started: High Load Test 2-10
2025-05-15 23:51:40,844 INFO o.a.j.t.JMeterThread: Thread is done: High Load Test 2-10
2025-05-15 23:51:40,845 INFO o.a.j.t.JMeterThread: Thread finished: High Load Test 2-10
2025-05-15 23:51:40,935 INFO o.a.j.t.JMeterThread: Thread started: Low Load Test 1-3
2025-05-15 23:51:40,939 INFO o.a.j.t.JMeterThread: Thread started: High Load Test 2-11
2025-05-15 23:51:40,940 INFO o.a.j.t.JMeterThread: Thread is done: Low Load Test 1-3
2025-05-15 23:51:40,940 INFO o.a.j.t.JMeterThread: Thread finished: Low Load Test 1-3
2025-05-15 23:51:40,941 INFO o.a.j.t.JMeterThread: Thread is done: High Load Test 2-11
2025-05-15 23:51:40,941 INFO o.a.j.t.JMeterThread: Thread finished: High Load Test 2-11
2025-05-15 23:51:41,038 INFO o.a.j.t.JMeterThread: Thread started: High Load Test 2-12
2025-05-15 23:51:41,041 INFO o.a.j.t.JMeterThread: Thread is done: High Load Test 2-12
2025-05-15 23:51:41,041 INFO o.a.j.t.JMeterThread: Thread finished: High Load Test 2-12
2025-05-15 23:51:41,139 INFO o.a.j.t.JMeterThread: Thread started: High Load Test 2-13
2025-05-15 23:51:41,149 INFO o.a.j.t.JMeterThread: Thread is done: High Load Test 2-13
2025-05-15 23:51:41,149 INFO o.a.j.t.JMeterThread: Thread finished: High Load Test 2-13
2025-05-15 23:51:41,239 INFO o.a.j.t.JMeterThread: Thread started: High Load Test 2-14
2025-05-15 23:51:41,249 INFO o.a.j.t.JMeterThread: Thread is done: High Load Test 2-14
2025-05-15 23:51:41,249 INFO o.a.j.t.JMeterThread: Thread finished: High Load Test 2-14
2025-05-15 23:51:41,339 INFO o.a.j.t.JMeterThread: Thread started: High Load Test 2-15
2025-05-15 23:51:41,349 INFO o.a.j.t.JMeterThread: Thread is done: High Load Test 2-15
2025-05-15 23:51:41,349 INFO o.a.j.t.JMeterThread: Thread finished: High Load Test 2-15
2025-05-15 23:51:41,435 INFO o.a.j.t.JMeterThread: Thread started: Low Load Test 1-4
2025-05-15 23:51:41,438 INFO o.a.j.t.JMeterThread: Thread started: High Load Test 2-16
2025-05-15 23:51:41,446 INFO o.a.j.t.JMeterThread: Thread is done: High Load Test 2-16
2025-05-15 23:51:41,446 INFO o.a.j.t.JMeterThread: Thread finished: High Load Test 2-16
2025-05-15 23:51:41,453 INFO o.a.j.t.JMeterThread: Thread is done: Low Load Test 1-4
2025-05-15 23:51:41,453 INFO o.a.j.t.JMeterThread: Thread finished: Low Load Test 1-4
2025-05-15 23:51:41,538 INFO o.a.j.t.JMeterThread: Thread started: High Load Test 2-17
2025-05-15 23:51:41,549 INFO o.a.j.t.JMeterThread: Thread is done: High Load Test 2-17
2025-05-15 23:51:41,549 INFO o.a.j.t.JMeterThread: Thread finished: High Load Test 2-17
2025-05-15 23:51:41,638 INFO o.a.j.t.JMeterThread: Thread started: High Load Test 2-18
2025-05-15 23:51:41,647 INFO o.a.j.t.JMeterThread: Thread is done: High Load Test 2-18
2025-05-15 23:51:41,647 INFO o.a.j.t.JMeterThread: Thread finished: High Load Test 2-18
2025-05-15 23:51:41,739 INFO o.a.j.t.JMeterThread: Thread started: High Load Test 2-19
2025-05-15 23:51:41,747 INFO o.a.j.t.JMeterThread: Thread is done: High Load Test 2-19
2025-05-15 23:51:41,748 INFO o.a.j.t.JMeterThread: Thread finished: High Load Test 2-19
2025-05-15 23:51:41,839 INFO o.a.j.t.JMeterThread: Thread started: High Load Test 2-20
2025-05-15 23:51:41,849 INFO o.a.j.t.JMeterThread: Thread is done: High Load Test 2-20
2025-05-15 23:51:41,849 INFO o.a.j.t.JMeterThread: Thread finished: High Load Test 2-20
2025-05-15 23:51:41,935 INFO o.a.j.t.JMeterThread: Thread started: Low Load Test 1-5
2025-05-15 23:51:41,938 INFO o.a.j.t.JMeterThread: Thread started: High Load Test 2-21
2025-05-15 23:51:41,946 INFO o.a.j.t.JMeterThread: Thread is done: High Load Test 2-21
2025-05-15 23:51:41,946 INFO o.a.j.t.JMeterThread: Thread finished: High Load Test 2-21
2025-05-15 23:51:41,951 INFO o.a.j.t.JMeterThread: Thread is done: Low Load Test 1-5
2025-05-15 23:51:41,951 INFO o.a.j.t.JMeterThread: Thread finished: Low Load Test 1-5
2025-05-15 23:51:42,037 INFO o.a.j.t.JMeterThread: Thread started: High Load Test 2-22
2025-05-15 23:51:42,044 INFO o.a.j.t.JMeterThread: Thread is done: High Load Test 2-22
2025-05-15 23:51:42,044 INFO o.a.j.t.JMeterThread: Thread finished: High Load Test 2-22
2025-05-15 23:51:42,138 INFO o.a.j.t.JMeterThread: Thread started: High Load Test 2-23
2025-05-15 23:51:42,143 INFO o.a.j.t.JMeterThread: Thread is done: High Load Test 2-23
2025-05-15 23:51:42,143 INFO o.a.j.t.JMeterThread: Thread finished: High Load Test 2-23
2025-05-15 23:51:42,238 INFO o.a.j.t.JMeterThread: Thread started: High Load Test 2-24
2025-05-15 23:51:42,245 INFO o.a.j.t.JMeterThread: Thread is done: High Load Test 2-24
2025-05-15 23:51:42,245 INFO o.a.j.t.JMeterThread: Thread finished: High Load Test 2-24
2025-05-15 23:51:42,338 INFO o.a.j.t.JMeterThread: Thread started: High Load Test 2-25
2025-05-15 23:51:42,342 INFO o.a.j.t.JMeterThread: Thread is done: High Load Test 2-25
2025-05-15 23:51:42,342 INFO o.a.j.t.JMeterThread: Thread finished: High Load Test 2-25
2025-05-15 23:51:42,435 INFO o.a.j.t.JMeterThread: Thread started: Low Load Test 1-6
2025-05-15 23:51:42,438 INFO o.a.j.t.JMeterThread: Thread started: High Load Test 2-26
2025-05-15 23:51:42,443 INFO o.a.j.t.JMeterThread: Thread is done: High Load Test 2-26
2025-05-15 23:51:42,443 INFO o.a.j.t.JMeterThread: Thread finished: High Load Test 2-26
2025-05-15 23:51:42,445 INFO o.a.j.t.JMeterThread: Thread is done: Low Load Test 1-6
2025-05-15 23:51:42,445 INFO o.a.j.t.JMeterThread: Thread finished: Low Load Test 1-6
2025-05-15 23:51:42,537 INFO o.a.j.t.JMeterThread: Thread started: High Load Test 2-27
2025-05-15 23:51:42,540 INFO o.a.j.t.JMeterThread: Thread is done: High Load Test 2-27
2025-05-15 23:51:42,540 INFO o.a.j.t.JMeterThread: Thread finished: High Load Test 2-27
2025-05-15 23:51:42,639 INFO o.a.j.t.JMeterThread: Thread started: High Load Test 2-28
2025-05-15 23:51:42,644 INFO o.a.j.t.JMeterThread: Thread is done: High Load Test 2-28
2025-05-15 23:51:42,644 INFO o.a.j.t.JMeterThread: Thread finished: High Load Test 2-28
2025-05-15 23:51:42,734 INFO o.a.j.t.JMeterThread: Thread started: High Load Test 2-29
2025-05-15 23:51:42,737 INFO o.a.j.t.JMeterThread: Thread is done: High Load Test 2-29
2025-05-15 23:51:42,737 INFO o.a.j.t.JMeterThread: Thread finished: High Load Test 2-29
2025-05-15 23:51:42,838 INFO o.a.j.t.JMeterThread: Thread started: High Load Test 2-30
2025-05-15 23:51:42,842 INFO o.a.j.t.JMeterThread: Thread is done: High Load Test 2-30
2025-05-15 23:51:42,843 INFO o.a.j.t.JMeterThread: Thread finished: High Load Test 2-30
2025-05-15 23:51:42,934 INFO o.a.j.t.JMeterThread: Thread started: Low Load Test 1-7
2025-05-15 23:51:42,939 INFO o.a.j.t.JMeterThread: Thread started: High Load Test 2-31
2025-05-15 23:51:42,944 INFO o.a.j.t.JMeterThread: Thread is done: High Load Test 2-31
2025-05-15 23:51:42,944 INFO o.a.j.t.JMeterThread: Thread finished: High Load Test 2-31
2025-05-15 23:51:42,945 INFO o.a.j.t.JMeterThread: Thread is done: Low Load Test 1-7
2025-05-15 23:51:42,945 INFO o.a.j.t.JMeterThread: Thread finished: Low Load Test 1-7
2025-05-15 23:51:43,039 INFO o.a.j.t.JMeterThread: Thread started: High Load Test 2-32
2025-05-15 23:51:43,047 INFO o.a.j.t.JMeterThread: Thread is done: High Load Test 2-32
2025-05-15 23:51:43,047 INFO o.a.j.t.JMeterThread: Thread finished: High Load Test 2-32
2025-05-15 23:51:43,138 INFO o.a.j.t.JMeterThread: Thread started: High Load Test 2-33
2025-05-15 23:51:43,144 INFO o.a.j.t.JMeterThread: Thread is done: High Load Test 2-33
2025-05-15 23:51:43,144 INFO o.a.j.t.JMeterThread: Thread finished: High Load Test 2-33
2025-05-15 23:51:43,238 INFO o.a.j.t.JMeterThread: Thread started: High Load Test 2-34
2025-05-15 23:51:43,244 INFO o.a.j.t.JMeterThread: Thread is done: High Load Test 2-34
2025-05-15 23:51:43,244 INFO o.a.j.t.JMeterThread: Thread finished: High Load Test 2-34
2025-05-15 23:51:43,339 INFO o.a.j.t.JMeterThread: Thread started: High Load Test 2-35
2025-05-15 23:51:43,349 INFO o.a.j.t.JMeterThread: Thread is done: High Load Test 2-35
2025-05-15 23:51:43,350 INFO o.a.j.t.JMeterThread: Thread finished: High Load Test 2-35
2025-05-15 23:51:43,434 INFO o.a.j.t.JMeterThread: Thread started: Low Load Test 1-8
2025-05-15 23:51:43,439 INFO o.a.j.t.JMeterThread: Thread started: High Load Test 2-36
2025-05-15 23:51:43,444 INFO o.a.j.t.JMeterThread: Thread is done: High Load Test 2-36
2025-05-15 23:51:43,444 INFO o.a.j.t.JMeterThread: Thread finished: High Load Test 2-36
2025-05-15 23:51:43,444 INFO o.a.j.t.JMeterThread: Thread is done: Low Load Test 1-8
2025-05-15 23:51:43,444 INFO o.a.j.t.JMeterThread: Thread finished: Low Load Test 1-8
2025-05-15 23:51:43,538 INFO o.a.j.t.JMeterThread: Thread started: High Load Test 2-37
2025-05-15 23:51:43,546 INFO o.a.j.t.JMeterThread: Thread is done: High Load Test 2-37
2025-05-15 23:51:43,546 INFO o.a.j.t.JMeterThread: Thread finished: High Load Test 2-37
2025-05-15 23:51:43,638 INFO o.a.j.t.JMeterThread: Thread started: High Load Test 2-38
2025-05-15 23:51:43,646 INFO o.a.j.t.JMeterThread: Thread is done: High Load Test 2-38
2025-05-15 23:51:43,646 INFO o.a.j.t.JMeterThread: Thread finished: High Load Test 2-38
2025-05-15 23:51:43,738 INFO o.a.j.t.JMeterThread: Thread started: High Load Test 2-39
2025-05-15 23:51:43,745 INFO o.a.j.t.JMeterThread: Thread is done: High Load Test 2-39
2025-05-15 23:51:43,745 INFO o.a.j.t.JMeterThread: Thread finished: High Load Test 2-39
2025-05-15 23:51:43,836 INFO o.a.j.t.JMeterThread: Thread started: High Load Test 2-40
2025-05-15 23:51:43,845 INFO o.a.j.t.JMeterThread: Thread is done: High Load Test 2-40
2025-05-15 23:51:43,845 INFO o.a.j.t.JMeterThread: Thread finished: High Load Test 2-40
2025-05-15 23:51:43,935 INFO o.a.j.t.JMeterThread: Thread started: Low Load Test 1-9
2025-05-15 23:51:43,938 INFO o.a.j.t.JMeterThread: Thread started: High Load Test 2-41
2025-05-15 23:51:43,944 INFO o.a.j.t.JMeterThread: Thread is done: High Load Test 2-41
2025-05-15 23:51:43,944 INFO o.a.j.t.JMeterThread: Thread finished: High Load Test 2-41
2025-05-15 23:51:43,948 INFO o.a.j.t.JMeterThread: Thread is done: Low Load Test 1-9
2025-05-15 23:51:43,948 INFO o.a.j.t.JMeterThread: Thread finished: Low Load Test 1-9
2025-05-15 23:51:44,038 INFO o.a.j.t.JMeterThread: Thread started: High Load Test 2-42
2025-05-15 23:51:44,045 INFO o.a.j.t.JMeterThread: Thread is done: High Load Test 2-42
2025-05-15 23:51:44,046 INFO o.a.j.t.JMeterThread: Thread finished: High Load Test 2-42
2025-05-15 23:51:44,138 INFO o.a.j.t.JMeterThread: Thread started: High Load Test 2-43
2025-05-15 23:51:44,147 INFO o.a.j.t.JMeterThread: Thread is done: High Load Test 2-43
2025-05-15 23:51:44,147 INFO o.a.j.t.JMeterThread: Thread finished: High Load Test 2-43
2025-05-15 23:51:44,238 INFO o.a.j.t.JMeterThread: Thread started: High Load Test 2-44
2025-05-15 23:51:44,248 INFO o.a.j.t.JMeterThread: Thread is done: High Load Test 2-44
2025-05-15 23:51:44,248 INFO o.a.j.t.JMeterThread: Thread finished: High Load Test 2-44
2025-05-15 23:51:44,339 INFO o.a.j.t.JMeterThread: Thread started: High Load Test 2-45
2025-05-15 23:51:44,348 INFO o.a.j.t.JMeterThread: Thread is done: High Load Test 2-45
2025-05-15 23:51:44,348 INFO o.a.j.t.JMeterThread: Thread finished: High Load Test 2-45
2025-05-15 23:51:44,435 INFO o.a.j.t.JMeterThread: Thread started: Low Load Test 1-10
2025-05-15 23:51:44,435 INFO o.a.j.t.JMeterThread: Thread started: High Load Test 2-46
2025-05-15 23:51:44,445 INFO o.a.j.t.JMeterThread: Thread is done: High Load Test 2-46
2025-05-15 23:51:44,445 INFO o.a.j.t.JMeterThread: Thread finished: High Load Test 2-46
2025-05-15 23:51:44,450 INFO o.a.j.t.JMeterThread: Thread is done: Low Load Test 1-10
2025-05-15 23:51:44,450 INFO o.a.j.t.JMeterThread: Thread finished: Low Load Test 1-10
2025-05-15 23:51:44,538 INFO o.a.j.t.JMeterThread: Thread started: High Load Test 2-47
2025-05-15 23:51:44,546 INFO o.a.j.t.JMeterThread: Thread is done: High Load Test 2-47
2025-05-15 23:51:44,547 INFO o.a.j.t.JMeterThread: Thread finished: High Load Test 2-47
2025-05-15 23:51:44,638 INFO o.a.j.t.JMeterThread: Thread started: High Load Test 2-48
2025-05-15 23:51:44,645 INFO o.a.j.t.JMeterThread: Thread is done: High Load Test 2-48
2025-05-15 23:51:44,645 INFO o.a.j.t.JMeterThread: Thread finished: High Load Test 2-48
2025-05-15 23:51:44,738 INFO o.a.j.t.JMeterThread: Thread started: High Load Test 2-49
2025-05-15 23:51:44,746 INFO o.a.j.t.JMeterThread: Thread is done: High Load Test 2-49
2025-05-15 23:51:44,746 INFO o.a.j.t.JMeterThread: Thread finished: High Load Test 2-49
2025-05-15 23:51:44,838 INFO o.a.j.t.JMeterThread: Thread started: High Load Test 2-50
2025-05-15 23:51:44,847 INFO o.a.j.t.JMeterThread: Thread is done: High Load Test 2-50
2025-05-15 23:51:44,847 INFO o.a.j.t.JMeterThread: Thread finished: High Load Test 2-50
2025-05-15 23:51:44,938 INFO o.a.j.t.JMeterThread: Thread started: High Load Test 2-51
2025-05-15 23:51:44,946 INFO o.a.j.t.JMeterThread: Thread is done: High Load Test 2-51
2025-05-15 23:51:44,946 INFO o.a.j.t.JMeterThread: Thread finished: High Load Test 2-51
2025-05-15 23:51:45,036 INFO o.a.j.t.JMeterThread: Thread started: High Load Test 2-52
2025-05-15 23:51:45,056 INFO o.a.j.t.JMeterThread: Thread is done: High Load Test 2-52
2025-05-15 23:51:45,056 INFO o.a.j.t.JMeterThread: Thread finished: High Load Test 2-52
2025-05-15 23:51:45,140 INFO o.a.j.t.JMeterThread: Thread started: High Load Test 2-53
2025-05-15 23:51:45,149 INFO o.a.j.t.JMeterThread: Thread is done: High Load Test 2-53
2025-05-15 23:51:45,150 INFO o.a.j.t.JMeterThread: Thread finished: High Load Test 2-53
2025-05-15 23:51:45,238 INFO o.a.j.t.JMeterThread: Thread started: High Load Test 2-54
2025-05-15 23:51:45,248 INFO o.a.j.t.JMeterThread: Thread is done: High Load Test 2-54
2025-05-15 23:51:45,248 INFO o.a.j.t.JMeterThread: Thread finished: High Load Test 2-54
2025-05-15 23:51:45,336 INFO o.a.j.t.JMeterThread: Thread started: High Load Test 2-55
2025-05-15 23:51:45,346 INFO o.a.j.t.JMeterThread: Thread is done: High Load Test 2-55
2025-05-15 23:51:45,347 INFO o.a.j.t.JMeterThread: Thread finished: High Load Test 2-55
2025-05-15 23:51:45,439 INFO o.a.j.t.JMeterThread: Thread started: High Load Test 2-56
2025-05-15 23:51:45,449 INFO o.a.j.t.JMeterThread: Thread is done: High Load Test 2-56
2025-05-15 23:51:45,449 INFO o.a.j.t.JMeterThread: Thread finished: High Load Test 2-56
2025-05-15 23:51:45,536 INFO o.a.j.t.JMeterThread: Thread started: High Load Test 2-57
2025-05-15 23:51:45,549 INFO o.a.j.t.JMeterThread: Thread is done: High Load Test 2-57
2025-05-15 23:51:45,549 INFO o.a.j.t.JMeterThread: Thread finished: High Load Test 2-57
2025-05-15 23:51:45,638 INFO o.a.j.t.JMeterThread: Thread started: High Load Test 2-58
2025-05-15 23:51:45,654 INFO o.a.j.t.JMeterThread: Thread is done: High Load Test 2-58
2025-05-15 23:51:45,654 INFO o.a.j.t.JMeterThread: Thread finished: High Load Test 2-58
2025-05-15 23:51:45,738 INFO o.a.j.t.JMeterThread: Thread started: High Load Test 2-59
2025-05-15 23:51:45,747 INFO o.a.j.t.JMeterThread: Thread is done: High Load Test 2-59
2025-05-15 23:51:45,747 INFO o.a.j.t.JMeterThread: Thread finished: High Load Test 2-59
2025-05-15 23:51:45,840 INFO o.a.j.t.JMeterThread: Thread started: High Load Test 2-60
2025-05-15 23:51:45,848 INFO o.a.j.t.JMeterThread: Thread is done: High Load Test 2-60
2025-05-15 23:51:45,848 INFO o.a.j.t.JMeterThread: Thread finished: High Load Test 2-60
2025-05-15 23:51:45,937 INFO o.a.j.t.JMeterThread: Thread started: High Load Test 2-61
2025-05-15 23:51:45,943 INFO o.a.j.t.JMeterThread: Thread is done: High Load Test 2-61
2025-05-15 23:51:45,943 INFO o.a.j.t.JMeterThread: Thread finished: High Load Test 2-61
2025-05-15 23:51:46,038 INFO o.a.j.t.JMeterThread: Thread started: High Load Test 2-62
2025-05-15 23:51:46,046 INFO o.a.j.t.JMeterThread: Thread is done: High Load Test 2-62
2025-05-15 23:51:46,046 INFO o.a.j.t.JMeterThread: Thread finished: High Load Test 2-62
2025-05-15 23:51:46,138 INFO o.a.j.t.JMeterThread: Thread started: High Load Test 2-63
2025-05-15 23:51:46,147 INFO o.a.j.t.JMeterThread: Thread is done: High Load Test 2-63
2025-05-15 23:51:46,147 INFO o.a.j.t.JMeterThread: Thread finished: High Load Test 2-63
2025-05-15 23:51:46,234 INFO o.a.j.t.JMeterThread: Thread started: High Load Test 2-64
2025-05-15 23:51:46,238 INFO o.a.j.t.JMeterThread: Thread is done: High Load Test 2-64
2025-05-15 23:51:46,238 INFO o.a.j.t.JMeterThread: Thread finished: High Load Test 2-64
2025-05-15 23:51:46,338 INFO o.a.j.t.JMeterThread: Thread started: High Load Test 2-65
2025-05-15 23:51:46,345 INFO o.a.j.t.JMeterThread: Thread is done: High Load Test 2-65
2025-05-15 23:51:46,345 INFO o.a.j.t.JMeterThread: Thread finished: High Load Test 2-65
2025-05-15 23:51:46,436 INFO o.a.j.t.JMeterThread: Thread started: High Load Test 2-66
2025-05-15 23:51:46,442 INFO o.a.j.t.JMeterThread: Thread is done: High Load Test 2-66
2025-05-15 23:51:46,443 INFO o.a.j.t.JMeterThread: Thread finished: High Load Test 2-66
2025-05-15 23:51:46,534 INFO o.a.j.t.JMeterThread: Thread started: High Load Test 2-67
2025-05-15 23:51:46,541 INFO o.a.j.t.JMeterThread: Thread is done: High Load Test 2-67
2025-05-15 23:51:46,541 INFO o.a.j.t.JMeterThread: Thread finished: High Load Test 2-67
2025-05-15 23:51:46,638 INFO o.a.j.t.JMeterThread: Thread started: High Load Test 2-68
2025-05-15 23:51:46,646 INFO o.a.j.t.JMeterThread: Thread is done: High Load Test 2-68
2025-05-15 23:51:46,647 INFO o.a.j.t.JMeterThread: Thread finished: High Load Test 2-68
2025-05-15 23:51:46,734 INFO o.a.j.t.JMeterThread: Thread started: High Load Test 2-69
2025-05-15 23:51:46,743 INFO o.a.j.t.JMeterThread: Thread is done: High Load Test 2-69
2025-05-15 23:51:46,743 INFO o.a.j.t.JMeterThread: Thread finished: High Load Test 2-69
2025-05-15 23:51:46,839 INFO o.a.j.t.JMeterThread: Thread started: High Load Test 2-70
2025-05-15 23:51:46,848 INFO o.a.j.t.JMeterThread: Thread is done: High Load Test 2-70
2025-05-15 23:51:46,848 INFO o.a.j.t.JMeterThread: Thread finished: High Load Test 2-70
2025-05-15 23:51:46,938 INFO o.a.j.t.JMeterThread: Thread started: High Load Test 2-71
2025-05-15 23:51:46,947 INFO o.a.j.t.JMeterThread: Thread is done: High Load Test 2-71
2025-05-15 23:51:46,947 INFO o.a.j.t.JMeterThread: Thread finished: High Load Test 2-71
2025-05-15 23:51:47,038 INFO o.a.j.t.JMeterThread: Thread started: High Load Test 2-72
2025-05-15 23:51:47,046 INFO o.a.j.t.JMeterThread: Thread is done: High Load Test 2-72
2025-05-15 23:51:47,046 INFO o.a.j.t.JMeterThread: Thread finished: High Load Test 2-72
2025-05-15 23:51:47,134 INFO o.a.j.t.JMeterThread: Thread started: High Load Test 2-73
2025-05-15 23:51:47,140 INFO o.a.j.t.JMeterThread: Thread is done: High Load Test 2-73
2025-05-15 23:51:47,141 INFO o.a.j.t.JMeterThread: Thread finished: High Load Test 2-73
2025-05-15 23:51:47,238 INFO o.a.j.t.JMeterThread: Thread started: High Load Test 2-74
2025-05-15 23:51:47,245 INFO o.a.j.t.JMeterThread: Thread is done: High Load Test 2-74
2025-05-15 23:51:47,246 INFO o.a.j.t.JMeterThread: Thread finished: High Load Test 2-74
2025-05-15 23:51:47,338 INFO o.a.j.t.JMeterThread: Thread started: High Load Test 2-75
2025-05-15 23:51:47,346 INFO o.a.j.t.JMeterThread: Thread is done: High Load Test 2-75
2025-05-15 23:51:47,346 INFO o.a.j.t.JMeterThread: Thread finished: High Load Test 2-75
2025-05-15 23:51:47,438 INFO o.a.j.t.JMeterThread: Thread started: High Load Test 2-76
2025-05-15 23:51:47,446 INFO o.a.j.t.JMeterThread: Thread is done: High Load Test 2-76
2025-05-15 23:51:47,447 INFO o.a.j.t.JMeterThread: Thread finished: High Load Test 2-76
2025-05-15 23:51:47,534 INFO o.a.j.t.JMeterThread: Thread started: High Load Test 2-77
2025-05-15 23:51:47,541 INFO o.a.j.t.JMeterThread: Thread is done: High Load Test 2-77
2025-05-15 23:51:47,541 INFO o.a.j.t.JMeterThread: Thread finished: High Load Test 2-77
2025-05-15 23:51:47,639 INFO o.a.j.t.JMeterThread: Thread started: High Load Test 2-78
2025-05-15 23:51:47,646 INFO o.a.j.t.JMeterThread: Thread is done: High Load Test 2-78
2025-05-15 23:51:47,646 INFO o.a.j.t.JMeterThread: Thread finished: High Load Test 2-78
2025-05-15 23:51:47,740 INFO o.a.j.t.JMeterThread: Thread started: High Load Test 2-79
2025-05-15 23:51:47,747 INFO o.a.j.t.JMeterThread: Thread is done: High Load Test 2-79
2025-05-15 23:51:47,748 INFO o.a.j.t.JMeterThread: Thread finished: High Load Test 2-79
2025-05-15 23:51:47,836 INFO o.a.j.t.JMeterThread: Thread started: High Load Test 2-80
2025-05-15 23:51:47,844 INFO o.a.j.t.JMeterThread: Thread is done: High Load Test 2-80
2025-05-15 23:51:47,844 INFO o.a.j.t.JMeterThread: Thread finished: High Load Test 2-80
2025-05-15 23:51:47,938 INFO o.a.j.t.JMeterThread: Thread started: High Load Test 2-81
2025-05-15 23:51:47,947 INFO o.a.j.t.JMeterThread: Thread is done: High Load Test 2-81
2025-05-15 23:51:47,947 INFO o.a.j.t.JMeterThread: Thread finished: High Load Test 2-81
2025-05-15 23:51:48,037 INFO o.a.j.t.JMeterThread: Thread started: High Load Test 2-82
2025-05-15 23:51:48,045 INFO o.a.j.t.JMeterThread: Thread is done: High Load Test 2-82
2025-05-15 23:51:48,045 INFO o.a.j.t.JMeterThread: Thread finished: High Load Test 2-82
2025-05-15 23:51:48,139 INFO o.a.j.t.JMeterThread: Thread started: High Load Test 2-83
2025-05-15 23:51:48,153 INFO o.a.j.t.JMeterThread: Thread is done: High Load Test 2-83
2025-05-15 23:51:48,153 INFO o.a.j.t.JMeterThread: Thread finished: High Load Test 2-83
2025-05-15 23:51:48,238 INFO o.a.j.t.JMeterThread: Thread started: High Load Test 2-84
2025-05-15 23:51:48,246 INFO o.a.j.t.JMeterThread: Thread is done: High Load Test 2-84
2025-05-15 23:51:48,246 INFO o.a.j.t.JMeterThread: Thread finished: High Load Test 2-84
2025-05-15 23:51:48,338 INFO o.a.j.t.JMeterThread: Thread started: High Load Test 2-85
2025-05-15 23:51:48,347 INFO o.a.j.t.JMeterThread: Thread is done: High Load Test 2-85
2025-05-15 23:51:48,347 INFO o.a.j.t.JMeterThread: Thread finished: High Load Test 2-85
2025-05-15 23:51:48,436 INFO o.a.j.t.JMeterThread: Thread started: High Load Test 2-86
2025-05-15 23:51:48,444 INFO o.a.j.t.JMeterThread: Thread is done: High Load Test 2-86
2025-05-15 23:51:48,444 INFO o.a.j.t.JMeterThread: Thread finished: High Load Test 2-86
2025-05-15 23:51:48,537 INFO o.a.j.t.JMeterThread: Thread started: High Load Test 2-87
2025-05-15 23:51:48,544 INFO o.a.j.t.JMeterThread: Thread is done: High Load Test 2-87
2025-05-15 23:51:48,545 INFO o.a.j.t.JMeterThread: Thread finished: High Load Test 2-87
2025-05-15 23:51:48,637 INFO o.a.j.t.JMeterThread: Thread started: High Load Test 2-88
2025-05-15 23:51:48,645 INFO o.a.j.t.JMeterThread: Thread is done: High Load Test 2-88
2025-05-15 23:51:48,645 INFO o.a.j.t.JMeterThread: Thread finished: High Load Test 2-88
2025-05-15 23:51:48,738 INFO o.a.j.t.JMeterThread: Thread started: High Load Test 2-89
2025-05-15 23:51:48,747 INFO o.a.j.t.JMeterThread: Thread is done: High Load Test 2-89
2025-05-15 23:51:48,747 INFO o.a.j.t.JMeterThread: Thread finished: High Load Test 2-89
2025-05-15 23:51:48,839 INFO o.a.j.t.JMeterThread: Thread started: High Load Test 2-90
2025-05-15 23:51:48,846 INFO o.a.j.t.JMeterThread: Thread is done: High Load Test 2-90
2025-05-15 23:51:48,847 INFO o.a.j.t.JMeterThread: Thread finished: High Load Test 2-90
2025-05-15 23:51:48,938 INFO o.a.j.t.JMeterThread: Thread started: High Load Test 2-91
2025-05-15 23:51:48,947 INFO o.a.j.t.JMeterThread: Thread is done: High Load Test 2-91
2025-05-15 23:51:48,947 INFO o.a.j.t.JMeterThread: Thread finished: High Load Test 2-91
2025-05-15 23:51:49,037 INFO o.a.j.t.JMeterThread: Thread started: High Load Test 2-92
2025-05-15 23:51:49,046 INFO o.a.j.t.JMeterThread: Thread is done: High Load Test 2-92
2025-05-15 23:51:49,046 INFO o.a.j.t.JMeterThread: Thread finished: High Load Test 2-92
2025-05-15 23:51:49,137 INFO o.a.j.t.JMeterThread: Thread started: High Load Test 2-93
2025-05-15 23:51:49,146 INFO o.a.j.t.JMeterThread: Thread is done: High Load Test 2-93
2025-05-15 23:51:49,146 INFO o.a.j.t.JMeterThread: Thread finished: High Load Test 2-93
2025-05-15 23:51:49,237 INFO o.a.j.t.JMeterThread: Thread started: High Load Test 2-94
2025-05-15 23:51:49,241 INFO o.a.j.t.JMeterThread: Thread is done: High Load Test 2-94
2025-05-15 23:51:49,241 INFO o.a.j.t.JMeterThread: Thread finished: High Load Test 2-94
2025-05-15 23:51:49,337 INFO o.a.j.t.JMeterThread: Thread started: High Load Test 2-95
2025-05-15 23:51:49,343 INFO o.a.j.t.JMeterThread: Thread is done: High Load Test 2-95
2025-05-15 23:51:49,344 INFO o.a.j.t.JMeterThread: Thread finished: High Load Test 2-95
2025-05-15 23:51:49,439 INFO o.a.j.t.JMeterThread: Thread started: High Load Test 2-96
2025-05-15 23:51:49,442 INFO o.a.j.t.JMeterThread: Thread is done: High Load Test 2-96
2025-05-15 23:51:49,442 INFO o.a.j.t.JMeterThread: Thread finished: High Load Test 2-96
2025-05-15 23:51:49,538 INFO o.a.j.t.JMeterThread: Thread started: High Load Test 2-97
2025-05-15 23:51:49,545 INFO o.a.j.t.JMeterThread: Thread is done: High Load Test 2-97
2025-05-15 23:51:49,546 INFO o.a.j.t.JMeterThread: Thread finished: High Load Test 2-97
2025-05-15 23:51:49,636 INFO o.a.j.t.JMeterThread: Thread started: High Load Test 2-98
2025-05-15 23:51:49,642 INFO o.a.j.t.JMeterThread: Thread is done: High Load Test 2-98
2025-05-15 23:51:49,643 INFO o.a.j.t.JMeterThread: Thread finished: High Load Test 2-98
2025-05-15 23:51:49,738 INFO o.a.j.t.JMeterThread: Thread started: High Load Test 2-99
2025-05-15 23:51:49,740 INFO o.a.j.t.JMeterThread: Thread is done: High Load Test 2-99
2025-05-15 23:51:49,740 INFO o.a.j.t.JMeterThread: Thread finished: High Load Test 2-99
2025-05-15 23:51:49,837 INFO o.a.j.t.JMeterThread: Thread started: High Load Test 2-100
2025-05-15 23:51:49,840 INFO o.a.j.t.JMeterThread: Thread is done: High Load Test 2-100
2025-05-15 23:51:49,840 INFO o.a.j.t.JMeterThread: Thread finished: High Load Test 2-100
2025-05-15 23:51:49,840 INFO o.a.j.e.StandardJMeterEngine: Notifying test listeners of end of test
2025-05-15 23:51:49,842 INFO o.a.j.r.Summariser: summary =    600 in 00:00:10 =   60.5/s Avg:     0 Min:     0 Max:    10 Err:   600 (100.00%)
